<?xml version="1.0" encoding="UTF-8"?>
<!-- Generated by org.testng.reporters.JUnitXMLReporter -->
<testsuite ignored="0" hostname="prashilalva-HP-ProBook-440-G2" failures="0" tests="10" name="SearchTest" time="319.633" errors="0" timestamp="16 Feb 2021 04:58:33 GMT">
  <testcase classname="com.realme.testing.firefox.RealmeSearchTest" name="@AfterTest quitDriver" time="7.459">
    <failure type="org.openqa.selenium.NoSuchSessionException" message="Tried to run command without establishing a connection
Build info: version: &amp;apos;3.141.59&amp;apos;, revision: &amp;apos;e82be7d358&amp;apos;, time: &amp;apos;2018-11-14T08:17:03&amp;apos;
System info: host: &amp;apos;prashilalva-HP-ProBook-440-G2&amp;apos;, ip: &amp;apos;127.0.1.1&amp;apos;, os.name: &amp;apos;Linux&amp;apos;, os.arch: &amp;apos;amd64&amp;apos;, os.version: &amp;apos;5.4.0-65-generic&amp;apos;, java.version: &amp;apos;13.0.2&amp;apos;
Driver info: org.openqa.selenium.firefox.FirefoxDriver
Capabilities {acceptInsecureCerts: true, browserName: firefox, browserVersion: 85.0.1, javascriptEnabled: true, moz:accessibilityChecks: false, moz:buildID: 20210204182252, moz:geckodriverVersion: 0.29.0, moz:headless: false, moz:processID: 8987, moz:profile: /tmp/rust_mozprofileH2UGhL, moz:shutdownTimeout: 60000, moz:useNonSpecCompliantPointerOrigin: false, moz:webdriverClick: true, pageLoadStrategy: normal, platform: LINUX, platformName: LINUX, platformVersion: 5.4.0-65-generic, rotatable: false, setWindowRect: true, strictFileInteractability: false, timeouts: {implicit: 0, pageLoad: 300000, script: 30000}, unhandledPromptBehavior: dismiss and notify}
Session ID: 64a40ce0-c460-483a-9719-de26d957908b">
      <![CDATA[org.openqa.selenium.NoSuchSessionException: Tried to run command without establishing a connection
Build info: version: '3.141.59', revision: 'e82be7d358', time: '2018-11-14T08:17:03'
System info: host: 'prashilalva-HP-ProBook-440-G2', ip: '127.0.1.1', os.name: 'Linux', os.arch: 'amd64', os.version: '5.4.0-65-generic', java.version: '13.0.2'
Driver info: org.openqa.selenium.firefox.FirefoxDriver
Capabilities {acceptInsecureCerts: true, browserName: firefox, browserVersion: 85.0.1, javascriptEnabled: true, moz:accessibilityChecks: false, moz:buildID: 20210204182252, moz:geckodriverVersion: 0.29.0, moz:headless: false, moz:processID: 8987, moz:profile: /tmp/rust_mozprofileH2UGhL, moz:shutdownTimeout: 60000, moz:useNonSpecCompliantPointerOrigin: false, moz:webdriverClick: true, pageLoadStrategy: normal, platform: LINUX, platformName: LINUX, platformVersion: 5.4.0-65-generic, rotatable: false, setWindowRect: true, strictFileInteractability: false, timeouts: {implicit: 0, pageLoad: 300000, script: 30000}, unhandledPromptBehavior: dismiss and notify}
Session ID: 64a40ce0-c460-483a-9719-de26d957908b
at org.openqa.selenium.remote.http.W3CHttpResponseCodec.createException(W3CHttpResponseCodec.java:187)
at org.openqa.selenium.remote.http.W3CHttpResponseCodec.decode(W3CHttpResponseCodec.java:122)
at org.openqa.selenium.remote.http.W3CHttpResponseCodec.decode(W3CHttpResponseCodec.java:49)
at org.openqa.selenium.remote.HttpCommandExecutor.execute(HttpCommandExecutor.java:158)
at org.openqa.selenium.remote.service.DriverCommandExecutor.execute(DriverCommandExecutor.java:83)
at org.openqa.selenium.remote.RemoteWebDriver.execute(RemoteWebDriver.java:552)
at org.openqa.selenium.remote.RemoteWebDriver.execute(RemoteWebDriver.java:609)
at org.openqa.selenium.remote.RemoteWebDriver.quit(RemoteWebDriver.java:452)
at com.realme.testing.firefox.RealmeSearchTest.quitDriver(RealmeSearchTest.java:202)
... Removed 29 stack frames]]>
    </failure>
  </testcase> <!-- @AfterTest quitDriver -->
  <testcase classname="com.realme.testing.firefox.RealmeSearchTest" name="performTest" time="47.672"/>
  <testcase classname="com.realme.testing.firefox.RealmeSearchTest" name="performTest" time="19.547"/>
  <testcase classname="com.realme.testing.firefox.RealmeSearchTest" name="performTest" time="30.806"/>
  <testcase classname="com.realme.testing.firefox.RealmeSearchTest" name="performTest" time="42.418"/>
  <testcase classname="com.realme.testing.firefox.RealmeSearchTest" name="performTest" time="12.475"/>
  <testcase classname="com.realme.testing.firefox.RealmeSearchTest" name="performTest" time="12.403"/>
  <testcase classname="com.realme.testing.firefox.RealmeSearchTest" name="performTest" time="12.221"/>
  <testcase classname="com.realme.testing.firefox.RealmeSearchTest" name="performTest" time="41.888"/>
  <testcase classname="com.realme.testing.firefox.RealmeSearchTest" name="performTest" time="20.916"/>
  <testcase classname="com.realme.testing.firefox.RealmeSearchTest" name="performTest" time="46.01"/>
</testsuite> <!-- SearchTest -->
