<html>
<head>
<title>TestNG:  SearchTest</title>
<link href="../testng.css" rel="stylesheet" type="text/css" />
<link href="../my-testng.css" rel="stylesheet" type="text/css" />

<style type="text/css">
.log { display: none;} 
.stack-trace { display: none;} 
</style>
<script type="text/javascript">
<!--
function flip(e) {
  current = e.style.display;
  if (current == 'block') {
    e.style.display = 'none';
    return 0;
  }
  else {
    e.style.display = 'block';
    return 1;
  }
}

function toggleBox(szDivId, elem, msg1, msg2)
{
  var res = -1;  if (document.getElementById) {
    res = flip(document.getElementById(szDivId));
  }
  else if (document.all) {
    // this is the way old msie versions work
    res = flip(document.all[szDivId]);
  }
  if(elem) {
    if(res == 0) elem.innerHTML = msg1; else elem.innerHTML = msg2;
  }

}

function toggleAllBoxes() {
  if (document.getElementsByTagName) {
    d = document.getElementsByTagName('div');
    for (i = 0; i < d.length; i++) {
      if (d[i].className == 'log') {
        flip(d[i]);
      }
    }
  }
}

// -->
</script>

</head>
<body>
<h2 align='center'>SearchTest</h2><table border='1' align="center">
<tr>
<td>Tests passed/Failed/Skipped:</td><td>10/0/0</td>
</tr><tr>
<td>Started on:</td><td>Tue Feb 16 10:23:13 IST 2021</td>
</tr>
<tr><td>Total time:</td><td>319 seconds (319633 ms)</td>
</tr><tr>
<td>Included groups:</td><td></td>
</tr><tr>
<td>Excluded groups:</td><td></td>
</tr>
</table><p/>
<small><i>(Hover the method name to see the test class name)</i></small><p/>
<table width='100%' border='1' class='invocation-failed'>
<tr><td colspan='4' align='center'><b>FAILED CONFIGURATIONS</b></td></tr>
<tr><td><b>Test method</b></td>
<td width="30%"><b>Exception</b></td>
<td width="10%"><b>Time (seconds)</b></td>
<td><b>Instance</b></td>
</tr>
<tr>
<td title='com.realme.testing.firefox.RealmeSearchTest.quitDriver()'><b>quitDriver</b><br>Test class: com.realme.testing.firefox.RealmeSearchTest</td>
<td><div><pre>org.openqa.selenium.NoSuchSessionException: Tried to run command without establishing a connection
Build info: version: &apos;3.141.59&apos;, revision: &apos;e82be7d358&apos;, time: &apos;2018-11-14T08:17:03&apos;
System info: host: &apos;prashilalva-HP-ProBook-440-G2&apos;, ip: &apos;127.0.1.1&apos;, os.name: &apos;Linux&apos;, os.arch: &apos;amd64&apos;, os.version: &apos;5.4.0-65-generic&apos;, java.version: &apos;13.0.2&apos;
Driver info: org.openqa.selenium.firefox.FirefoxDriver
Capabilities {acceptInsecureCerts: true, browserName: firefox, browserVersion: 85.0.1, javascriptEnabled: true, moz:accessibilityChecks: false, moz:buildID: 20210204182252, moz:geckodriverVersion: 0.29.0, moz:headless: false, moz:processID: 8987, moz:profile: /tmp/rust_mozprofileH2UGhL, moz:shutdownTimeout: 60000, moz:useNonSpecCompliantPointerOrigin: false, moz:webdriverClick: true, pageLoadStrategy: normal, platform: LINUX, platformName: LINUX, platformVersion: 5.4.0-65-generic, rotatable: false, setWindowRect: true, strictFileInteractability: false, timeouts: {implicit: 0, pageLoad: 300000, script: 30000}, unhandledPromptBehavior: dismiss and notify}
Session ID: 64a40ce0-c460-483a-9719-de26d957908b
	at org.openqa.selenium.remote.http.W3CHttpResponseCodec.createException(W3CHttpResponseCodec.java:187)
	at org.openqa.selenium.remote.http.W3CHttpResponseCodec.decode(W3CHttpResponseCodec.java:122)
	at org.openqa.selenium.remote.http.W3CHttpResponseCodec.decode(W3CHttpResponseCodec.java:49)
	at org.openqa.selenium.remote.HttpCommandExecutor.execute(HttpCommandExecutor.java:158)
	at org.openqa.selenium.remote.service.DriverCommandExecutor.execute(DriverCommandExecutor.java:83)
	at org.openqa.selenium.remote.RemoteWebDriver.execute(RemoteWebDriver.java:552)
	at org.openqa.selenium.remote.RemoteWebDriver.execute(RemoteWebDriver.java:609)
	at org.openqa.selenium.remote.RemoteWebDriver.quit(RemoteWebDriver.java:452)
	at com.realme.testing.firefox.RealmeSearchTest.quitDriver(RealmeSearchTest.java:202)
... Removed 29 stack frames</pre></div><a href='#' onClick='toggleBox("stack-trace1293251731", this, "Click to show all stack frames", "Click to hide stack frames")'>Click to show all stack frames</a>
<div class='stack-trace' id='stack-trace1293251731'><pre>org.openqa.selenium.NoSuchSessionException: Tried to run command without establishing a connection
Build info: version: &apos;3.141.59&apos;, revision: &apos;e82be7d358&apos;, time: &apos;2018-11-14T08:17:03&apos;
System info: host: &apos;prashilalva-HP-ProBook-440-G2&apos;, ip: &apos;127.0.1.1&apos;, os.name: &apos;Linux&apos;, os.arch: &apos;amd64&apos;, os.version: &apos;5.4.0-65-generic&apos;, java.version: &apos;13.0.2&apos;
Driver info: org.openqa.selenium.firefox.FirefoxDriver
Capabilities {acceptInsecureCerts: true, browserName: firefox, browserVersion: 85.0.1, javascriptEnabled: true, moz:accessibilityChecks: false, moz:buildID: 20210204182252, moz:geckodriverVersion: 0.29.0, moz:headless: false, moz:processID: 8987, moz:profile: /tmp/rust_mozprofileH2UGhL, moz:shutdownTimeout: 60000, moz:useNonSpecCompliantPointerOrigin: false, moz:webdriverClick: true, pageLoadStrategy: normal, platform: LINUX, platformName: LINUX, platformVersion: 5.4.0-65-generic, rotatable: false, setWindowRect: true, strictFileInteractability: false, timeouts: {implicit: 0, pageLoad: 300000, script: 30000}, unhandledPromptBehavior: dismiss and notify}
Session ID: 64a40ce0-c460-483a-9719-de26d957908b
	at java.base/jdk.internal.reflect.NativeConstructorAccessorImpl.newInstance0(Native Method)
	at java.base/jdk.internal.reflect.NativeConstructorAccessorImpl.newInstance(NativeConstructorAccessorImpl.java:62)
	at java.base/jdk.internal.reflect.DelegatingConstructorAccessorImpl.newInstance(DelegatingConstructorAccessorImpl.java:45)
	at java.base/java.lang.reflect.Constructor.newInstanceWithCaller(Constructor.java:500)
	at java.base/java.lang.reflect.Constructor.newInstance(Constructor.java:481)
	at org.openqa.selenium.remote.http.W3CHttpResponseCodec.createException(W3CHttpResponseCodec.java:187)
	at org.openqa.selenium.remote.http.W3CHttpResponseCodec.decode(W3CHttpResponseCodec.java:122)
	at org.openqa.selenium.remote.http.W3CHttpResponseCodec.decode(W3CHttpResponseCodec.java:49)
	at org.openqa.selenium.remote.HttpCommandExecutor.execute(HttpCommandExecutor.java:158)
	at org.openqa.selenium.remote.service.DriverCommandExecutor.execute(DriverCommandExecutor.java:83)
	at org.openqa.selenium.remote.RemoteWebDriver.execute(RemoteWebDriver.java:552)
	at org.openqa.selenium.remote.RemoteWebDriver.execute(RemoteWebDriver.java:609)
	at org.openqa.selenium.remote.RemoteWebDriver.quit(RemoteWebDriver.java:452)
	at com.realme.testing.firefox.RealmeSearchTest.quitDriver(RealmeSearchTest.java:202)
	at java.base/jdk.internal.reflect.NativeMethodAccessorImpl.invoke0(Native Method)
	at java.base/jdk.internal.reflect.NativeMethodAccessorImpl.invoke(NativeMethodAccessorImpl.java:62)
	at java.base/jdk.internal.reflect.DelegatingMethodAccessorImpl.invoke(DelegatingMethodAccessorImpl.java:43)
	at java.base/java.lang.reflect.Method.invoke(Method.java:567)
	at org.testng.internal.MethodInvocationHelper.invokeMethod(MethodInvocationHelper.java:124)
	at org.testng.internal.MethodInvocationHelper.invokeMethodConsideringTimeout(MethodInvocationHelper.java:59)
	at org.testng.internal.Invoker.invokeConfigurationMethod(Invoker.java:458)
	at org.testng.internal.Invoker.invokeConfigurations(Invoker.java:222)
	at org.testng.internal.Invoker.invokeConfigurations(Invoker.java:142)
	at org.testng.TestRunner.afterRun(TestRunner.java:725)
	at org.testng.TestRunner.run(TestRunner.java:509)
	at org.testng.SuiteRunner.runTest(SuiteRunner.java:455)
	at org.testng.SuiteRunner.runSequentially(SuiteRunner.java:450)
	at org.testng.SuiteRunner.privateRun(SuiteRunner.java:415)
	at org.testng.SuiteRunner.run(SuiteRunner.java:364)
	at org.testng.SuiteRunnerWorker.runSuite(SuiteRunnerWorker.java:52)
	at org.testng.SuiteRunnerWorker.run(SuiteRunnerWorker.java:84)
	at org.testng.TestNG.runSuitesSequentially(TestNG.java:1208)
	at org.testng.TestNG.runSuitesLocally(TestNG.java:1137)
	at org.testng.TestNG.runSuites(TestNG.java:1049)
	at org.testng.TestNG.run(TestNG.java:1017)
	at org.testng.remote.AbstractRemoteTestNG.run(AbstractRemoteTestNG.java:115)
	at org.testng.remote.RemoteTestNG.initAndRun(RemoteTestNG.java:251)
	at org.testng.remote.RemoteTestNG.main(RemoteTestNG.java:77)
</pre></div></td>
<td>7</td>
<td>com.realme.testing.firefox.RealmeSearchTest@315df4bb</td></tr>
</table><p>
<table width='100%' border='1' class='invocation-passed'>
<tr><td colspan='4' align='center'><b>PASSED TESTS</b></td></tr>
<tr><td><b>Test method</b></td>
<td width="30%"><b>Exception</b></td>
<td width="10%"><b>Time (seconds)</b></td>
<td><b>Instance</b></td>
</tr>
<tr>
<td title='com.realme.testing.firefox.RealmeSearchTest.performTest()'><b>performTest</b><br>Test class: com.realme.testing.firefox.RealmeSearchTest<br>Parameters: 576117, Karkala, Karnataka</td>
<td></td>
<td>47</td>
<td>com.realme.testing.firefox.RealmeSearchTest@315df4bb</td></tr>
<tr>
<td title='com.realme.testing.firefox.RealmeSearchTest.performTest()'><b>performTest</b><br>Test class: com.realme.testing.firefox.RealmeSearchTest<br>Parameters: 576113, Hiriyadka, Karnataka</td>
<td></td>
<td>19</td>
<td>com.realme.testing.firefox.RealmeSearchTest@315df4bb</td></tr>
<tr>
<td title='com.realme.testing.firefox.RealmeSearchTest.performTest()'><b>performTest</b><br>Test class: com.realme.testing.firefox.RealmeSearchTest<br>Parameters: 575001, Falnir, Karnataka</td>
<td></td>
<td>30</td>
<td>com.realme.testing.firefox.RealmeSearchTest@315df4bb</td></tr>
<tr>
<td title='com.realme.testing.firefox.RealmeSearchTest.performTest()'><b>performTest</b><br>Test class: com.realme.testing.firefox.RealmeSearchTest<br>Parameters: 813781, Delivery Not Available</td>
<td></td>
<td>42</td>
<td>com.realme.testing.firefox.RealmeSearchTest@315df4bb</td></tr>
<tr>
<td title='com.realme.testing.firefox.RealmeSearchTest.performTest()'><b>performTest</b><br>Test class: com.realme.testing.firefox.RealmeSearchTest<br>Parameters: 636102, Attur, Tamil Nadu</td>
<td></td>
<td>12</td>
<td>com.realme.testing.firefox.RealmeSearchTest@315df4bb</td></tr>
<tr>
<td title='com.realme.testing.firefox.RealmeSearchTest.performTest()'><b>performTest</b><br>Test class: com.realme.testing.firefox.RealmeSearchTest<br>Parameters: 560033, Maruthi Sevanagar, Karnataka</td>
<td></td>
<td>12</td>
<td>com.realme.testing.firefox.RealmeSearchTest@315df4bb</td></tr>
<tr>
<td title='com.realme.testing.firefox.RealmeSearchTest.performTest()'><b>performTest</b><br>Test class: com.realme.testing.firefox.RealmeSearchTest<br>Parameters: 576108, Malpe, Karnataka</td>
<td></td>
<td>12</td>
<td>com.realme.testing.firefox.RealmeSearchTest@315df4bb</td></tr>
<tr>
<td title='com.realme.testing.firefox.RealmeSearchTest.performTest()'><b>performTest</b><br>Test class: com.realme.testing.firefox.RealmeSearchTest<br>Parameters: 874267, Delivery Not Available</td>
<td></td>
<td>41</td>
<td>com.realme.testing.firefox.RealmeSearchTest@315df4bb</td></tr>
<tr>
<td title='com.realme.testing.firefox.RealmeSearchTest.performTest()'><b>performTest</b><br>Test class: com.realme.testing.firefox.RealmeSearchTest<br>Parameters: 231001, Mirzapur, Uttar Pradesh</td>
<td></td>
<td>20</td>
<td>com.realme.testing.firefox.RealmeSearchTest@315df4bb</td></tr>
<tr>
<td title='com.realme.testing.firefox.RealmeSearchTest.performTest()'><b>performTest</b><br>Test class: com.realme.testing.firefox.RealmeSearchTest<br>Parameters: 377137, Delivery Not Available</td>
<td></td>
<td>46</td>
<td>com.realme.testing.firefox.RealmeSearchTest@315df4bb</td></tr>
</table><p>
</body>
</html>